<?xml version="1.0" encoding="UTF-8"?>
<!-- Generated by org.testng.reporters.JUnitReportReporter -->
<testsuite skipped="0" hostname="DESKTOP-CB71LAQ" name="PomTests.ProductSearchTest" tests="1" failures="0" timestamp="2020-06-15T09:02:31 PDT" time="26.112" errors="0">
  <testcase name="Search" time="26.112" classname="PomTests.ProductSearchTest"/>
  <system-out>
Ebay Product Search Test is Successfull  </system-out>
</testsuite> <!-- PomTests.ProductSearchTest -->
