<?xml version="1.0" encoding="UTF-8"?>
<!-- Generated by org.testng.reporters.JUnitReportReporter -->
<testsuite skipped="0" hostname="DESKTOP-CB71LAQ" name="dataDrivenFrameworkDemos.DDFDBTest" tests="8" failures="0" timestamp="2020-06-24T04:54:00 PDT" time="469.876" errors="0">
  <testcase name="CatSearch" time="66.944" classname="dataDrivenFrameworkDemos.DDFDBTest"/>
  <system-out>
'English'ProductSearch in'Music' Category Test is Successfull  </system-out>
  <testcase name="CatSearch" time="86.976" classname="dataDrivenFrameworkDemos.DDFDBTest"/>
  <system-out>
'Crafts'ProductSearch in'Art' Category Test is Successfull  </system-out>
  <testcase name="CatSearch" time="23.264" classname="dataDrivenFrameworkDemos.DDFDBTest"/>
  <system-out>
'English'ProductSearch in'Music' Category Test is Successfull  </system-out>
  <testcase name="CatSearch" time="29.187" classname="dataDrivenFrameworkDemos.DDFDBTest"/>
  <system-out>
'Selenium'ProductSearch in'Books' Category Test is Successfull  </system-out>
  <testcase name="CatSearch" time="39.725" classname="dataDrivenFrameworkDemos.DDFDBTest"/>
  <system-out>
'Baby'ProductSearch in'Art' Category Test is Successfull  </system-out>
  <testcase name="CatSearch" time="50.009" classname="dataDrivenFrameworkDemos.DDFDBTest"/>
  <system-out>
'Crafts'ProductSearch in'Art' Category Test is Successfull  </system-out>
  <testcase name="CatSearch" time="95.825" classname="dataDrivenFrameworkDemos.DDFDBTest"/>
  <system-out>
'Selenium'ProductSearch in'Books' Category Test is Successfull  </system-out>
  <testcase name="CatSearch" time="77.946" classname="dataDrivenFrameworkDemos.DDFDBTest"/>
  <system-out>
'Baby'ProductSearch in'Art' Category Test is Successfull  </system-out>
</testsuite> <!-- dataDrivenFrameworkDemos.DDFDBTest -->
