<?xml version="1.0" encoding="UTF-8"?>
<!-- Generated by org.testng.reporters.JUnitReportReporter -->
<testsuite skipped="0" hostname="DESKTOP-CB71LAQ" name="PomTests.ProductCatSearchTest" tests="1" failures="0" timestamp="2020-06-15T09:09:44 PDT" time="21.647" errors="0">
  <testcase name="CatSearch" time="21.647" classname="PomTests.ProductCatSearchTest"/>
  <system-out>
Ebay Product Search in a Category Test is Successfull  </system-out>
</testsuite> <!-- PomTests.ProductCatSearchTest -->
