<?xml version="1.0" encoding="UTF-8"?>
<!-- Generated by org.testng.reporters.JUnitReportReporter -->
<testsuite skipped="0" hostname="DESKTOP-CB71LAQ" name="hybridFrameworkDemos.HybridProdSearchTest" tests="2" failures="0" timestamp="2020-06-19T20:26:41 PDT" time="55.713" errors="0">
  <testcase name="Search" time="26.808" classname="hybridFrameworkDemos.HybridProdSearchTest"/>
  <system-out>
'Selenium'Ebay Search Test is Successfull  </system-out>
  <testcase name="Search" time="28.905" classname="hybridFrameworkDemos.HybridProdSearchTest"/>
  <system-out>
'English'Ebay Search Test is Successfull  </system-out>
</testsuite> <!-- hybridFrameworkDemos.HybridProdSearchTest -->
