<?xml version="1.0" encoding="UTF-8"?>
<!-- Generated by org.testng.reporters.JUnitReportReporter -->
<testsuite skipped="0" hostname="DESKTOP-CB71LAQ" name="dataDrivenFrameworkDemos.DDFProdSearchTest" tests="2" failures="0" timestamp="2020-06-19T04:25:44 PDT" time="65.507" errors="0">
  <testcase name="Search" time="35.190" classname="dataDrivenFrameworkDemos.DDFProdSearchTest"/>
  <system-out>
'Selenium'Ebay Search Test is Successfull  </system-out>
  <testcase name="Search" time="30.317" classname="dataDrivenFrameworkDemos.DDFProdSearchTest"/>
  <system-out>
'English'Ebay Search Test is Successfull  </system-out>
</testsuite> <!-- dataDrivenFrameworkDemos.DDFProdSearchTest -->
