<?xml version="1.0" encoding="UTF-8"?>
<!-- Generated by org.testng.reporters.JUnitReportReporter -->
<testsuite skipped="0" hostname="DESKTOP-CB71LAQ" name="myDemos.MyTest1" tests="1" failures="0" timestamp="2020-06-14T05:52:01 PDT" time="22.547" errors="0">
  <testcase name="f" time="22.547" classname="myDemos.MyTest1"/>
  <system-out>
Ebay Search Test is Successfull  </system-out>
</testsuite> <!-- myDemos.MyTest1 -->
