<?xml version="1.0" encoding="UTF-8"?>
<!-- Generated by org.testng.reporters.JUnitReportReporter -->
<testsuite skipped="0" hostname="DESKTOP-CB71LAQ" name="dataDrivenFrameworkDemos.DDFProdCatSearchTest" tests="2" failures="0" timestamp="2020-06-19T04:48:29 PDT" time="92.149" errors="0">
  <testcase name="CatSearch" time="31.211" classname="dataDrivenFrameworkDemos.DDFProdCatSearchTest"/>
  <system-out>
'Selenium'ProductSearch in'Books' Category Test is Successfull  </system-out>
  <testcase name="CatSearch" time="60.938" classname="dataDrivenFrameworkDemos.DDFProdCatSearchTest"/>
  <system-out>
'English'ProductSearch in'Music' Category Test is Successfull  </system-out>
</testsuite> <!-- dataDrivenFrameworkDemos.DDFProdCatSearchTest -->
